
> Task :compileJava
SLF4J: Failed to load class "org.slf4j.impl.StaticLoggerBinder".
SLF4J: Defaulting to no-operation (NOP) logger implementation
SLF4J: See http://www.slf4j.org/codes.html#StaticLoggerBinder for further details.

> Task :processResources NO-SOURCE
> Task :classes

> Task :TestMain.main()
874,526,802,695,699,741,744,749,716,703,703,703,703,1348,700,699,695,698,699,697,696,697,696,706,737
546,516,480,473,471,469,467,469,466,466,444,437,437,437,437,438,438,438,441,441,437,437,437,437,439
696,697,699,703,693,697,720,738,734,735,739,736,735,740,737,771,749,700,695,696,696,695,696,695,695
438,436,437,439,439,436,436,436,462,463,463,466,464,464,471,464,464,464,464,462,464,464,465,468,464
739,741,739,741,737,742,740,739,713,697,721,704,696,693,696,696,694,697,695,695,727,735,737,737,739
465,466,463,464,464,464,464,464,471,466,463,463,464,467,438,438,437,438,438,443,435,436,439,440,439
692,718,734,737,736,737,737,741,733,753,734,737,893,737,737,739,735,738,739,737,738,739,734,695,698
439,438,437,437,437,437,442,462,463,463,464,463,464,466,464,463,463,469,463,463,463,464,466,464,463
735,738,735,734,735,738,736,737,735,735,735,707,694,694,697,695,697,727,711,709,693,692,716,735,734
466,464,464,465,465,465,465,464,465,464,469,463,463,463,465,464,464,462,463,463,468,463,463,460,435
694,691,722,711,692,699,732,733,694,694,706,694,694,696,717,737,738,738,742,742,739,740,743,741,744
464,463,441,436,436,436,437,437,453,462,461,462,461,465,442,437,437,435,443,437,435,435,436,463,463
731,736,733,723,692,694,726,739,707,733,737,736,739,735,736,740,737,738,697,695,696,694,698,695,695
439,435,436,435,437,440,459,462,465,463,466,463,462,462,464,464,463,462,463,464,465,463,462,462,464
736,737,707,718,733,745,692,720,691,722,733,717,696,694,695,694,697,697,731,737,737,736,704,737,740
461,438,439,427,435,430,456,459,459,457,438,432,431,433,431,431,433,431,432,433,439,433,434,434,433
694,692,690,690,746,704,699,693,708,694,691,693,696,701,722,732,737,691,696,712,735,701,718,692,693
434,459,462,462,435,433,434,435,443,434,435,436,436,433,433,432,433,429,429,429,459,459,458,460,458
731,728,733,736,736,734,737,741,735,735,738,735,699,694,697,698,697,730,701,699,699,700,698,698,702
433,434,471,453,450,450,452,454,452,452,451,452,451,452,452,456,451,454,451,451,454,453,455,451,454
Average of built-in: 719.9933333333333
Average of generated: 451.2
763,728,729,751,746,720,721,723,723,723,720,721,751,753,721,730,724,753,755,755,774,740,729,753,754
766,748,772,761,760,760,761,760,760,779,760,760,760,760,760,768,781,793,765,760,760,761,780,771,772
751,765,757,742,722,722,722,722,723,723,743,756,755,727,754,735,722,724,756,757,756,744,757,758,758
780,781,780,759,773,773,759,760,776,765,760,760,760,779,760,771,775,758,765,780,781,780,773,776,788
753,758,757,758,749,725,724,723,731,740,724,724,742,744,723,723,725,727,724,746,758,758,759,760,760
783,726,751,793,789,793,792,781,794,781,781,782,780,780,785,781,770,758,759,761,758,758,783,780,805
750,759,756,756,755,763,755,756,810,758,755,755,757,735,726,741,755,756,757,755,729,722,724,728,724
767,772,780,781,781,780,781,780,807,779,780,779,779,780,781,780,769,761,758,762,767,779,780,775,766
719,764,723,723,721,724,723,726,723,723,726,753,756,756,758,756,730,724,724,724,725,722,725,722,723
765,758,759,760,759,759,759,758,785,779,779,778,779,779,779,779,788,780,780,782,781,774,757,758,765
720,719,719,719,727,730,728,726,755,733,722,724,721,722,720,722,720,723,722,721,740,758,759,736,722
768,759,760,759,760,759,759,761,776,783,817,784,765,770,783,786,795,790,771,771,779,790,785,785,795
765,781,755,730,728,728,727,728,738,766,769,769,766,763,769,764,764,765,763,732,751,767,768,768,769
776,766,764,761,769,785,785,782,779,764,763,764,763,765,764,767,797,791,781,773,768,766,763,763,763
722,729,731,732,736,738,732,735,734,733,733,731,749,785,780,775,779,781,748,729,752,770,769,792,773
797,793,787,786,782,783,782,781,765,760,761,772,760,760,760,759,762,758,759,759,760,761,762,762,776
733,730,731,727,726,747,763,765,767,764,765,752,728,726,728,727,729,727,726,741,744,730,729,731,730
772,765,763,762,764,764,764,765,790,785,784,788,781,774,761,788,769,763,771,786,783,782,785,770,774
772,795,776,774,778,777,786,789,777,778,777,776,774,773,774,774,774,773,774,774,743,726,727,726,726
777,779,781,780,780,780,780,780,790,785,785,784,784,784,786,784,774,776,786,783,782,781,782,781,784
Average of built-in: 745.36
Average of generated: 773.8333333333334
871,838,846,840,839,837,839,838,837,843,839,838,840,836,836,840,855,909,907,891,837,835,835,835,853
1138,892,894,804,892,841,843,841,838,838,840,841,861,809,807,809,810,806,808,807,829,839,927,839,836
899,839,840,904,919,923,886,836,835,833,836,842,835,836,843,860,889,858,841,887,905,907,904,903,907
894,896,898,895,812,818,818,905,815,816,819,897,850,931,870,819,817,816,816,899,815,815,814,815,818
839,835,840,904,907,907,907,903,840,903,903,877,836,835,835,842,835,838,838,836,838,850,839,837,837
896,813,836,815,916,928,927,844,844,857,880,853,843,895,814,810,901,897,814,813,813,814,817,929,848
902,903,905,908,908,888,839,837,840,835,833,833,833,833,837,837,871,893,837,857,912,846,866,907,905
904,852,929,893,812,846,879,912,934,845,845,844,846,846,906,816,818,819,870,822,927,925,878,845,846
906,904,905,838,878,861,838,838,852,904,905,883,835,835,836,837,835,835,836,838,838,837,886,907,903
901,813,857,812,813,812,925,843,842,842,842,841,902,815,817,813,815,813,815,814,813,816,813,811,855
929,930,930,939,931,930,932,931,931,931,877,863,866,924,922,863,863,862,862,862,863,894,930,930,932
921,840,843,847,846,857,855,851,849,860,813,947,927,935,817,899,813,936,906,914,820,922,869,815,872
904,906,903,904,905,892,835,838,834,836,835,845,911,917,913,909,906,907,907,902,834,860,907,906,905
931,864,940,871,851,850,850,884,859,819,817,921,901,812,811,815,815,942,905,815,815,814,823,846,848
909,919,838,834,834,835,835,837,837,835,854,833,849,906,912,834,903,905,905,906,908,909,957,911,914
899,813,872,904,821,912,855,889,819,900,815,815,819,814,816,932,903,816,814,815,834,854,901,820,848
910,911,873,842,849,839,840,835,840,882,835,834,905,907,918,914,915,914,914,915,1000,909,907,865,875
903,900,993,995,901,877,895,812,811,810,811,812,928,846,859,919,845,849,934,851,851,851,851,852,904
837,835,835,838,836,842,841,836,837,836,841,836,836,835,836,869,843,837,835,841,912,956,846,838,844
929,847,848,868,813,813,813,813,814,904,812,812,812,814,812,924,845,845,846,845,846,931,847,847,847
Average of built-in: 871.1733333333334
Average of generated: 848.2466666666667
115,56,56,56,56,56,56,56,56,56,57,56,56,59,60,61,61,60,61,61,61,60,60,61,61
69,59,58,58,58,57,57,60,58,58,57,57,58,59,58,57,58,58,58,60,58,58,58,57,57
56,56,56,56,56,55,56,56,56,56,56,56,56,56,55,56,56,56,56,58,56,56,56,55,56
57,58,58,58,60,58,58,57,58,58,61,61,62,61,61,61,60,57,57,57,57,58,60,58,57
56,56,56,56,56,56,56,56,56,56,56,56,56,56,56,56,56,55,56,56,56,56,56,56,56
61,60,61,61,62,62,63,61,62,61,61,61,64,61,61,61,62,61,64,61,62,62,62,62,63
60,61,61,61,60,60,60,60,60,60,60,61,60,61,61,60,60,60,61,60,61,60,61,60,61
61,61,63,62,62,62,62,61,63,61,61,62,61,62,63,62,61,62,61,62,63,62,62,61,61
60,60,60,60,61,61,60,60,60,60,60,60,62,60,60,60,60,60,60,60,60,60,60,60,60
61,61,61,61,66,63,65,62,62,62,61,59,58,58,58,57,61,63,62,62,62,62,64,67,62
61,62,61,61,61,61,61,61,61,60,61,60,63,61,61,61,61,61,60,60,61,60,60,61,61
64,62,62,64,62,62,63,62,62,62,61,61,64,62,62,62,62,62,64,62,62,62,62,62,66
56,56,56,56,56,56,56,56,56,56,56,56,57,59,57,57,57,57,56,56,56,56,56,56,56
58,58,60,59,58,58,58,58,60,58,57,58,58,58,60,58,58,58,58,58,60,58,58,58,58
59,60,61,61,61,61,61,61,61,61,60,61,60,61,61,61,61,61,60,61,60,60,60,61,61
62,62,61,61,60,58,57,58,57,58,61,58,58,57,58,58,60,58,58,58,58,57,60,58,58
56,57,61,71,98,63,63,62,60,56,57,60,62,61,62,61,61,61,64,56,56,56,62,56,56
60,58,59,60,58,58,61,62,63,62,62,62,60,58,59,58,58,58,59,58,58,58,58,58,65
60,64,65,64,63,63,63,63,63,63,63,63,63,59,58,57,57,57,58,57,62,58,57,58,57
58,58,61,61,61,62,62,62,64,62,66,63,62,63,60,60,60,60,60,59,64,63,62,62,62
Average of built-in: 58.84666666666667
Average of generated: 60.166666666666664
1193,1189,1200,1175,1083,1079,1084,1089,1081,1082,1075,1071,1074,1074,1145,1187,1179,1180,1178,1169,1169,1132,1073,1299,1167
631,487,555,499,540,525,515,511,514,513,513,513,520,512,514,512,512,512,516,509,511,511,511,510,548
1152,1156,1079,1077,1136,1188,1185,1178,1170,1114,1073,1073,1074,1074,1093,1171,1144,1073,1073,1157,1153,1079,1078,1072,1072
514,499,548,538,557,535,517,513,516,517,519,518,517,512,524,547,547,535,517,516,515,512,510,511,546
1160,1163,1164,1171,1190,1139,1076,1075,1072,1071,1070,1070,1077,1073,1071,1080,1073,1169,1164,1158,1099,1133,1070,1072,1070
515,516,516,516,514,512,520,515,515,515,515,519,520,516,515,515,515,516,547,551,552,555,553,550,516
1070,1067,1101,1095,1159,1157,1157,1156,1161,1160,1093,1086,1087,1085,1084,1088,1086,1086,1086,1087,1110,1155,1158,1157,1160
545,537,552,542,551,551,513,509,509,509,509,509,536,549,550,549,550,549,514,510,517,517,518,517,517
1122,1158,1160,1070,1070,1087,1157,1157,1158,1163,1098,1091,1092,1094,1090,1096,1090,1090,1096,1090,1116,1162,1163,1166,1146
548,548,550,553,551,527,518,518,515,516,517,517,521,517,517,517,517,520,521,514,514,514,515,515,518
1065,1069,1084,1157,1164,1156,1156,1158,1159,1157,1095,1089,1091,1090,1091,1088,1089,1091,1088,1089,1114,1156,1157,1158,1184
550,548,551,550,550,550,548,543,544,546,543,542,518,514,514,513,514,514,544,547,547,545,544,545,537
1151,1156,1093,1067,1067,1066,1068,1087,1087,1087,1074,1068,1075,1068,1072,1067,1069,1069,1069,1067,1096,1154,1161,1160,1155
546,549,546,523,510,517,545,546,546,546,548,546,516,515,515,515,516,515,514,510,510,510,510,510,517
1069,1073,1071,1070,1070,1071,1073,1101,1157,1128,1167,1182,1178,1178,1178,1177,1179,1157,1091,1092,1161,1125,1073,1072,1071
519,518,534,543,533,513,550,543,542,542,543,544,517,513,513,514,516,518,520,515,516,517,516,516,517
1066,1070,1069,1068,1068,1068,1075,1089,1079,1070,1143,1155,1154,1154,1154,1154,1154,1216,1155,1155,1158,1155,1155,1156,1154
546,545,546,546,546,546,548,542,544,545,545,545,517,513,515,518,538,512,519,525,514,517,513,516,518
1253,1070,1069,1100,1154,1156,1153,1153,1153,1154,1175,1174,1175,1173,1105,1148,1175,1177,1134,1174,1170,1182,1151,1151,1151
544,545,544,544,544,545,550,546,546,547,546,546,518,536,542,543,542,543,516,512,514,513,510,511,518
Average of built-in: 1122.2
Average of generated: 523.12

Deprecated Gradle features were used in this build, making it incompatible with Gradle 8.0.

You can use '--warning-mode all' to show the individual deprecation warnings and determine if they come from your own scripts or plugins.

See https://docs.gradle.org/7.1/userguide/command_line_interface.html#sec:command_line_warnings

BUILD SUCCESSFUL in 25m 56s
2 actionable tasks: 2 executed
