
> Task :compileJava
SLF4J: Failed to load class "org.slf4j.impl.StaticLoggerBinder".
SLF4J: Defaulting to no-operation (NOP) logger implementation
SLF4J: See http://www.slf4j.org/codes.html#StaticLoggerBinder for further details.

> Task :processResources NO-SOURCE
> Task :classes

> Task :TestMain.main()
94,58,57,58,58,59,53,53,52,52,52,52,52,52,53,53,53,53,52,61,53,53,52,53,52
102,56,55,47,50,50,50,50,50,50,50,50,50,51,51,53,53,53,53,53,53,53,53,53,54
58,96,83,76,77,77,76,76,75,76,71,71,71,71,73,71,71,71,71,71,71,71,71,71,71
51,48,60,52,47,47,48,49,50,50,50,50,50,50,50,50,50,50,47,47,47,48,47,47,47
71,70,71,71,68,68,71,66,66,66,67,66,66,66,66,67,66,67,66,67,68,66,66,67,66
48,51,60,51,54,55,55,53,53,53,53,53,54,52,51,52,51,52,52,52,52,52,52,52,51
65,65,65,65,65,65,65,65,65,65,65,65,65,65,67,65,65,65,65,65,65,65,65,65,65
51,52,52,52,53,53,54,55,54,54,54,54,54,55,55,54,55,54,54,54,55,54,54,55,54
69,68,68,68,68,69,69,68,69,68,68,68,69,69,69,68,69,68,69,68,68,69,68,68,69
53,49,58,49,50,50,50,50,50,50,49,50,49,50,50,50,50,50,50,49,50,51,49,48,47
64,65,65,65,64,66,68,69,69,69,69,69,70,69,70,70,69,69,69,69,70,73,70,70,70
50,50,50,50,50,50,50,50,50,50,50,50,50,47,47,47,47,47,47,47,47,47,47,47,47
65,65,65,65,65,65,65,65,65,65,65,65,65,65,67,69,70,70,70,70,70,70,72,70,70
50,50,50,50,51,51,51,51,51,51,51,50,50,51,51,51,51,51,51,50,51,51,51,51,50
70,70,70,70,70,70,69,66,67,67,65,65,65,66,66,66,66,66,66,65,66,65,65,66,65
47,47,57,47,51,51,51,50,50,50,50,50,51,51,51,50,50,50,50,51,50,50,50,50,50
65,65,65,65,65,70,65,65,65,65,65,65,66,65,64,65,68,65,65,65,65,65,65,65,65
50,49,50,49,49,49,49,49,49,49,49,49,49,49,49,50,49,49,49,49,49,49,49,49,49
65,65,65,65,65,65,65,65,65,65,65,65,65,65,65,65,65,65,65,65,65,66,67,65,65
50,50,51,51,51,51,51,50,50,50,50,50,49,49,50,49,50,50,50,50,49,49,50,50,50
Average of built-in: 65.84666666666666
Average of generated: 50.406666666666666
98,78,79,79,79,77,77,78,77,77,77,77,77,77,77,77,77,77,77,77,78,77,77,77,77
103,73,72,72,72,72,72,72,72,72,72,72,72,72,72,72,72,72,72,72,72,72,72,72,72
84,84,84,84,84,84,84,84,84,84,84,84,84,84,84,84,84,84,84,84,84,84,84,84,84
72,72,74,73,73,72,72,72,72,72,71,72,72,72,72,72,72,75,71,71,71,71,71,71,71
83,83,83,82,83,83,83,83,83,82,83,82,83,83,83,83,83,82,82,83,83,82,82,83,83
73,72,72,72,72,72,72,72,72,72,72,72,72,72,72,72,72,72,72,72,72,72,72,72,72
82,82,82,82,82,82,82,82,82,82,82,82,82,81,82,82,82,82,81,81,78,78,78,78,78
69,69,70,70,70,70,70,69,69,69,70,69,69,70,70,69,69,69,70,70,73,70,69,70,69
78,78,78,78,78,78,78,78,78,78,78,79,78,78,78,78,78,78,78,78,78,98,78,78,78
70,70,70,72,72,71,70,70,70,71,70,70,70,70,70,70,70,70,70,70,70,70,70,70,70
78,78,78,78,78,78,78,78,78,78,79,79,78,78,78,78,78,78,78,78,78,78,78,78,80
71,70,70,70,70,70,70,70,70,71,70,71,70,71,72,72,72,72,72,72,72,72,72,74,72
82,82,82,83,82,82,82,82,81,81,82,82,82,82,82,82,82,83,82,82,81,81,82,82,82
72,72,72,72,72,72,72,72,72,72,72,72,72,71,72,72,71,72,72,72,71,71,71,71,71
81,82,82,82,82,81,82,82,82,82,82,81,81,83,81,84,82,82,82,82,81,82,82,81,81
71,71,71,71,72,72,72,72,71,72,71,71,71,71,71,71,71,71,71,71,71,72,71,71,71
83,83,82,82,82,82,82,82,79,78,78,78,78,78,78,78,78,78,78,78,78,78,78,78,78
70,70,70,70,70,70,70,70,70,70,70,70,70,70,70,70,70,70,70,70,70,70,70,70,70
78,77,77,79,79,78,78,77,77,78,78,78,78,78,78,78,78,78,78,78,78,78,77,78,78
70,70,70,70,70,70,70,70,70,70,70,70,70,70,70,70,70,70,70,70,70,70,70,70,70
Average of built-in: 80.15333333333334
Average of generated: 70.97333333333333
145,75,75,75,75,75,74,74,74,74,74,74,74,74,74,74,74,74,74,74,74,74,74,74,74
158,111,169,147,86,94,85,84,83,83,82,82,82,82,82,82,82,82,82,82,82,82,82,82,82
80,80,80,80,80,80,80,80,80,80,80,80,79,80,80,80,80,80,80,80,88,80,81,80,80
94,94,94,93,83,83,83,83,83,83,83,83,83,83,83,84,83,83,83,83,83,83,83,83,83
80,80,80,80,80,80,80,80,80,80,80,79,80,80,80,80,80,80,80,80,80,80,80,80,80
93,96,83,83,83,83,83,83,83,83,83,83,83,83,83,84,83,83,83,83,83,83,83,83,83
80,80,80,80,80,80,80,80,80,80,80,80,80,80,80,80,80,80,80,80,80,82,80,80,80
94,83,84,84,84,84,84,84,83,84,84,83,83,83,83,84,84,84,83,83,83,83,83,83,83
80,80,80,80,80,80,80,80,80,80,80,80,80,80,80,80,80,80,80,80,80,80,80,80,80
93,94,81,81,81,81,81,81,81,81,82,81,81,81,81,81,88,81,81,81,88,81,81,81,81
74,74,74,79,89,74,74,74,74,74,74,74,76,74,74,74,74,74,75,74,74,74,74,74,74
90,81,81,81,81,81,81,81,82,81,81,81,81,81,81,81,81,81,81,81,83,81,81,81,81
74,74,74,76,74,74,74,74,74,74,74,74,74,74,74,74,74,74,74,74,74,74,74,74,74
91,95,83,83,83,83,83,83,83,83,83,83,83,83,83,83,83,84,83,83,83,83,83,83,83
79,80,80,79,80,80,80,79,79,80,80,80,79,79,79,80,74,74,74,74,74,74,74,74,74
90,80,80,81,81,80,81,81,80,81,81,81,81,81,80,80,81,80,80,81,81,80,81,80,81
75,75,75,75,75,75,75,75,75,74,75,75,75,75,76,75,75,75,75,75,75,75,75,75,75
90,96,83,84,83,83,83,83,83,83,83,83,83,83,83,83,83,83,83,83,83,83,83,83,83
79,80,80,81,79,80,80,80,80,81,78,80,80,80,80,80,80,79,80,80,80,80,81,74,74
90,81,81,81,81,81,81,81,81,81,81,81,85,80,80,81,81,90,83,83,83,83,86,81,80
Average of built-in: 77.31333333333333
Average of generated: 82.37333333333333
71,9,9,7,5,5,5,5,5,5,5,6,5,5,5,5,5,5,5,5,5,5,5,5,5
19,7,9,6,5,5,5,5,5,5,5,5,5,5,5,5,5,5,5,5,5,5,5,5,5
5,5,5,5,5,5,5,5,5,5,5,5,5,5,5,5,5,5,5,5,5,5,5,5,5
5,5,5,5,5,5,5,5,5,5,5,5,5,5,5,5,5,5,5,5,5,5,5,5,5
5,5,5,5,5,5,5,5,5,5,5,5,5,5,5,5,5,5,5,5,5,5,5,5,5
5,5,5,9,5,5,5,5,5,5,5,5,5,5,5,5,5,5,5,5,5,5,5,5,5
5,5,5,5,5,5,5,5,5,5,5,5,5,5,5,5,5,5,5,5,5,5,5,5,5
5,5,5,5,5,5,5,5,5,5,5,5,5,5,5,5,5,5,5,5,5,5,5,5,5
5,5,5,5,5,5,5,5,5,5,5,5,5,5,5,5,5,5,5,5,5,5,5,5,5
5,5,5,8,5,5,5,5,5,5,5,5,5,5,5,5,5,5,5,5,5,5,5,5,5
5,5,5,5,5,5,5,5,5,5,5,5,5,5,5,5,5,5,5,5,5,5,5,5,5
5,5,5,5,5,5,5,5,5,5,5,5,5,5,5,5,5,5,5,5,5,5,5,5,5
5,5,5,5,5,5,5,5,5,5,5,5,5,5,5,5,5,5,5,5,5,5,5,5,5
5,5,5,8,5,5,5,5,5,5,5,5,5,5,5,5,5,5,5,5,5,5,5,5,5
5,5,5,5,5,5,5,5,5,5,5,5,5,5,5,5,5,5,5,5,5,5,5,5,5
6,5,5,5,5,5,5,5,5,5,5,5,5,5,5,5,5,5,5,5,5,5,5,5,5
5,5,5,5,5,5,5,5,5,5,5,5,5,5,5,5,5,5,5,5,5,5,5,5,5
5,5,5,8,5,5,5,5,5,5,5,5,5,5,5,5,5,5,5,5,5,5,5,5,5
5,5,5,5,5,5,5,5,5,5,5,5,5,5,5,5,5,5,5,5,5,5,5,5,5
5,5,5,5,5,5,5,5,5,5,5,5,5,5,5,5,5,5,5,5,5,5,5,5,5
Average of built-in: 5.006666666666666
Average of generated: 5.0
111,112,110,109,110,108,109,109,108,108,108,110,108,108,108,108,109,108,109,108,108,108,109,108,108
172,85,86,57,57,56,56,56,56,56,56,56,56,56,56,56,58,58,59,59,60,59,59,59,60
115,117,117,117,113,108,108,110,108,108,109,108,109,116,117,117,117,117,117,117,117,117,117,118,117
61,59,86,60,59,58,58,58,58,58,58,58,58,58,58,61,58,58,58,58,58,58,58,58,58
115,118,118,118,118,118,118,118,118,117,118,118,118,119,117,118,118,122,121,121,121,122,121,122,121
58,58,58,58,58,58,58,58,59,59,58,58,58,58,58,58,58,58,58,58,58,58,58,58,58
115,123,111,108,108,108,108,108,109,110,109,108,108,108,109,115,117,117,117,114,108,108,108,108,108
55,86,56,60,58,58,58,57,57,57,57,57,57,57,57,57,57,57,57,57,58,57,57,57,57
107,109,111,109,109,111,110,117,118,117,110,110,109,109,117,119,118,118,118,118,118,118,118,118,118
62,62,62,62,63,63,63,62,62,62,62,62,62,62,58,58,58,58,58,58,58,58,58,58,58
106,111,115,117,117,117,117,117,117,117,117,117,114,108,108,108,109,108,108,109,109,108,108,108,108
58,58,58,58,59,61,61,64,62,62,62,62,62,62,62,61,62,62,62,62,62,61,62,62,62
115,117,117,117,117,118,117,117,117,117,117,108,112,112,112,112,112,111,112,111,108,108,108,108,110
61,62,61,62,62,62,62,62,62,62,62,62,62,62,62,62,62,62,62,62,62,62,62,62,62
115,117,117,117,118,117,117,117,117,117,117,117,117,117,117,117,117,118,117,117,117,117,117,117,117
62,62,62,62,62,62,62,62,62,62,62,62,62,62,62,62,62,62,63,62,62,62,62,62,62
114,117,117,117,117,117,117,117,117,117,117,117,117,117,117,117,116,117,117,117,117,117,117,117,118
61,58,88,58,62,62,61,61,61,61,62,62,61,61,62,61,62,63,62,62,62,62,62,59,57
107,109,109,109,109,109,109,109,107,109,109,109,109,109,109,109,109,109,109,109,109,109,109,109,109
58,58,58,58,58,58,58,58,59,58,58,58,58,58,58,58,58,58,58,58,58,59,61,61,61
Average of built-in: 113.35999999999999
Average of generated: 59.60666666666667

Deprecated Gradle features were used in this build, making it incompatible with Gradle 8.0.

You can use '--warning-mode all' to show the individual deprecation warnings and determine if they come from your own scripts or plugins.

See https://docs.gradle.org/7.1/userguide/command_line_interface.html#sec:command_line_warnings

BUILD SUCCESSFUL in 2m 37s
2 actionable tasks: 2 executed
